mode: set
github.com/tsawler/bookings/internal/handlers/handlers.go:29.62,34.2 1 1
github.com/tsawler/bookings/internal/handlers/handlers.go:37.51,42.2 1 1
github.com/tsawler/bookings/internal/handlers/handlers.go:45.33,47.2 1 1
github.com/tsawler/bookings/internal/handlers/handlers.go:50.67,52.2 1 1
github.com/tsawler/bookings/internal/handlers/handlers.go:55.68,58.2 1 1
github.com/tsawler/bookings/internal/handlers/handlers.go:61.74,63.9 2 1
github.com/tsawler/bookings/internal/handlers/handlers.go:69.2,70.16 2 1
github.com/tsawler/bookings/internal/handlers/handlers.go:76.2,94.4 10 1
github.com/tsawler/bookings/internal/handlers/handlers.go:63.9,67.3 3 1
github.com/tsawler/bookings/internal/handlers/handlers.go:70.16,74.3 3 1
github.com/tsawler/bookings/internal/handlers/handlers.go:98.78,100.16 2 1
github.com/tsawler/bookings/internal/handlers/handlers.go:106.2,114.16 5 1
github.com/tsawler/bookings/internal/handlers/handlers.go:120.2,121.16 2 1
github.com/tsawler/bookings/internal/handlers/handlers.go:127.2,128.16 2 1
github.com/tsawler/bookings/internal/handlers/handlers.go:134.2,150.19 6 1
github.com/tsawler/bookings/internal/handlers/handlers.go:161.2,162.16 2 1
github.com/tsawler/bookings/internal/handlers/handlers.go:168.2,177.16 3 1
github.com/tsawler/bookings/internal/handlers/handlers.go:183.2,185.66 2 1
github.com/tsawler/bookings/internal/handlers/handlers.go:100.16,104.3 3 1
github.com/tsawler/bookings/internal/handlers/handlers.go:114.16,118.3 3 1
github.com/tsawler/bookings/internal/handlers/handlers.go:121.16,125.3 3 1
github.com/tsawler/bookings/internal/handlers/handlers.go:128.16,132.3 3 1
github.com/tsawler/bookings/internal/handlers/handlers.go:150.19,159.3 5 1
github.com/tsawler/bookings/internal/handlers/handlers.go:162.16,166.3 3 1
github.com/tsawler/bookings/internal/handlers/handlers.go:177.16,181.3 3 1
github.com/tsawler/bookings/internal/handlers/handlers.go:190.71,192.2 1 1
github.com/tsawler/bookings/internal/handlers/handlers.go:195.69,197.2 1 1
github.com/tsawler/bookings/internal/handlers/handlers.go:200.75,202.2 1 1
github.com/tsawler/bookings/internal/handlers/handlers.go:205.79,207.16 2 1
github.com/tsawler/bookings/internal/handlers/handlers.go:213.2,218.16 5 1
github.com/tsawler/bookings/internal/handlers/handlers.go:223.2,224.16 2 1
github.com/tsawler/bookings/internal/handlers/handlers.go:230.2,231.16 2 1
github.com/tsawler/bookings/internal/handlers/handlers.go:237.2,237.21 1 1
github.com/tsawler/bookings/internal/handlers/handlers.go:244.2,256.4 5 1
github.com/tsawler/bookings/internal/handlers/handlers.go:207.16,211.3 3 1
github.com/tsawler/bookings/internal/handlers/handlers.go:218.16,222.3 3 1
github.com/tsawler/bookings/internal/handlers/handlers.go:224.16,228.3 3 1
github.com/tsawler/bookings/internal/handlers/handlers.go:231.16,235.3 3 1
github.com/tsawler/bookings/internal/handlers/handlers.go:237.21,242.3 3 1
github.com/tsawler/bookings/internal/handlers/handlers.go:268.79,271.16 2 1
github.com/tsawler/bookings/internal/handlers/handlers.go:284.2,294.16 8 1
github.com/tsawler/bookings/internal/handlers/handlers.go:306.2,319.14 4 1
github.com/tsawler/bookings/internal/handlers/handlers.go:271.16,282.3 5 1
github.com/tsawler/bookings/internal/handlers/handlers.go:294.16,305.3 5 1
github.com/tsawler/bookings/internal/handlers/handlers.go:324.70,326.2 1 1
github.com/tsawler/bookings/internal/handlers/handlers.go:329.81,331.9 2 1
github.com/tsawler/bookings/internal/handlers/handlers.go:337.2,351.4 9 1
github.com/tsawler/bookings/internal/handlers/handlers.go:331.9,335.3 3 1
github.com/tsawler/bookings/internal/handlers/handlers.go:355.73,369.16 3 1
github.com/tsawler/bookings/internal/handlers/handlers.go:376.2,377.9 2 1
github.com/tsawler/bookings/internal/handlers/handlers.go:383.2,387.63 3 1
github.com/tsawler/bookings/internal/handlers/handlers.go:369.16,374.3 4 1
github.com/tsawler/bookings/internal/handlers/handlers.go:377.9,381.3 3 1
github.com/tsawler/bookings/internal/handlers/handlers.go:392.71,404.16 9 1
github.com/tsawler/bookings/internal/handlers/handlers.go:410.2,417.63 6 1
github.com/tsawler/bookings/internal/handlers/handlers.go:404.16,408.3 3 1
